<?xml version="1.0" encoding="UTF-8"?>
<!-- Generated by org.testng.reporters.JUnitReportReporter -->
<testsuite hostname="DESKTOP-BF2LAUJ" name="com.Links.NewTours_TotalLinks" tests="1" failures="0" timestamp="14 Dec 2017 02:46:43 GMT" time="0.094" errors="0">
  <testcase name="TotalLinks" time="0.094" classname="com.Links.NewTours_TotalLinks"/>
</testsuite> <!-- com.Links.NewTours_TotalLinks -->
