<?xml version="1.0" encoding="UTF-8"?>
<!-- Generated by org.testng.reporters.JUnitReportReporter -->
<testsuite hostname="DESKTOP-BF2LAUJ" name="com.TestNGNewToursSignIn.NewToursSignIn" tests="1" failures="0" timestamp="20 Dec 2017 02:39:45 GMT" time="4.075" errors="0">
  <testcase name="NewToursSignIn" time="4.075" classname="com.TestNGNewToursSignIn.NewToursSignIn"/>
</testsuite> <!-- com.TestNGNewToursSignIn.NewToursSignIn -->
