<?xml version="1.0" encoding="UTF-8"?>
<!-- Generated by org.testng.reporters.JUnitReportReporter -->
<testsuite hostname="DESKTOP-BF2LAUJ" name="com.TestNGAnnotations.Annotations2" tests="1" failures="0" timestamp="13 Dec 2017 23:22:30 GMT" time="0.427" errors="0">
  <testcase name="LogIn" time="0.427" classname="com.TestNGAnnotations.Annotations2"/>
</testsuite> <!-- com.TestNGAnnotations.Annotations2 -->
