<?xml version="1.0" encoding="UTF-8"?>
<!-- Generated by org.testng.reporters.JUnitReportReporter -->
<testsuite hostname="DESKTOP-BF2LAUJ" name="com.KeyWord.NewToursLogInTest" tests="1" failures="0" timestamp="27 Dec 2017 05:12:58 GMT" time="3.449" errors="0">
  <testcase name="SignIn" time="3.449" classname="com.KeyWord.NewToursLogInTest"/>
</testsuite> <!-- com.KeyWord.NewToursLogInTest -->
