<?xml version="1.0" encoding="UTF-8"?>
<!-- Generated by org.testng.reporters.JUnitReportReporter -->
<testsuite hostname="DESKTOP-BF2LAUJ" name="com.TestNGMouseHoverOperations.LiveTechMouseHoverOperations" tests="2" failures="0" timestamp="14 Dec 2017 00:52:18 GMT" time="5.861" errors="0">
  <testcase name="AboutUs" time="0.581" classname="com.TestNGMouseHoverOperations.LiveTechMouseHoverOperations"/>
  <testcase name="Company" time="5.280" classname="com.TestNGMouseHoverOperations.LiveTechMouseHoverOperations"/>
</testsuite> <!-- com.TestNGMouseHoverOperations.LiveTechMouseHoverOperations -->
