<?xml version="1.0" encoding="UTF-8"?>
<!-- Generated by org.testng.reporters.JUnitReportReporter -->
<testsuite hostname="DESKTOP-BF2LAUJ" name="com.TestNGScreenshots.BingScreenshot" tests="1" failures="0" timestamp="16 Dec 2017 03:05:14 GMT" time="31.430" errors="0">
  <testcase name="Screenshot" time="31.430" classname="com.TestNGScreenshots.BingScreenshot"/>
</testsuite> <!-- com.TestNGScreenshots.BingScreenshot -->
