<?xml version="1.0" encoding="UTF-8"?>
<!-- Generated by org.testng.reporters.JUnitReportReporter -->
<testsuite hostname="DESKTOP-BF2LAUJ" name="com.Links.NewTours_LinksValidation" tests="1" failures="0" timestamp="14 Dec 2017 03:45:18 GMT" time="104.121" errors="0">
  <testcase name="ValidatingLinks" time="104.121" classname="com.Links.NewTours_LinksValidation"/>
</testsuite> <!-- com.Links.NewTours_LinksValidation -->
