<?xml version="1.0" encoding="UTF-8"?>
<!-- Generated by org.testng.reporters.JUnitReportReporter -->
<testsuite hostname="DESKTOP-BF2LAUJ" name="com.KeyWord.NewToursLogInTest1" tests="1" failures="0" timestamp="25 Dec 2017 00:58:08 GMT" time="4.114" errors="0">
  <testcase name="NewToursSignIn" time="4.114" classname="com.KeyWord.NewToursLogInTest1"/>
</testsuite> <!-- com.KeyWord.NewToursLogInTest1 -->
