<?xml version="1.0" encoding="UTF-8"?>
<!-- Generated by org.testng.reporters.JUnitReportReporter -->
<testsuite hostname="DESKTOP-BF2LAUJ" name="com.TestNGExcelOperations.ReadCompleteExcel" tests="1" failures="0" timestamp="14 Dec 2017 00:12:46 GMT" time="0.522" errors="0">
  <testcase name="ReadExcel" time="0.522" classname="com.TestNGExcelOperations.ReadCompleteExcel"/>
</testsuite> <!-- com.TestNGExcelOperations.ReadCompleteExcel -->
