<?xml version="1.0" encoding="UTF-8"?>
<!-- Generated by org.testng.reporters.JUnitReportReporter -->
<testsuite hostname="DESKTOP-BF2LAUJ" name="com.TestNGValidatingTitle.ValidatingFacebookTitle" tests="2" failures="0" timestamp="14 Dec 2017 02:38:54 GMT" time="0.038" errors="0">
  <testcase name="ExpectedAndActualTitles" time="0.036" classname="com.TestNGValidatingTitle.ValidatingFacebookTitle"/>
  <testcase name="validatingTitle" time="0.002" classname="com.TestNGValidatingTitle.ValidatingFacebookTitle"/>
</testsuite> <!-- com.TestNGValidatingTitle.ValidatingFacebookTitle -->
