<?xml version="1.0" encoding="UTF-8"?>
<!-- Generated by org.testng.reporters.JUnitReportReporter -->
<testsuite hostname="DESKTOP-BF2LAUJ" name="com.Links.NewTours_LinkNames" tests="1" failures="0" timestamp="14 Dec 2017 02:54:14 GMT" time="0.643" errors="0">
  <testcase name="DisplayingLinkNames" time="0.643" classname="com.Links.NewTours_LinkNames"/>
</testsuite> <!-- com.Links.NewTours_LinkNames -->
