<?xml version="1.0" encoding="UTF-8"?>
<!-- Generated by org.testng.reporters.JUnitReportReporter -->
<testsuite hostname="DESKTOP-BF2LAUJ" name="com.TestNGAnnotations.Annotations1" tests="3" failures="0" timestamp="13 Dec 2017 23:21:44 GMT" time="0.014" errors="0">
  <testcase name="Inbox" time="0.010" classname="com.TestNGAnnotations.Annotations1"/>
  <testcase name="ComposeMail" time="0.002" classname="com.TestNGAnnotations.Annotations1"/>
  <testcase name="FirefoxLogin" time="0.002" classname="com.TestNGAnnotations.Annotations1"/>
</testsuite> <!-- com.TestNGAnnotations.Annotations1 -->
