<?xml version="1.0" encoding="UTF-8"?>
<!-- Generated by org.testng.reporters.JUnitReportReporter -->
<testsuite hostname="DESKTOP-BF2LAUJ" name="com.TestNGHandlingAlerts.TSRTCAlerts" tests="2" failures="0" timestamp="14 Dec 2017 01:21:13 GMT" time="5.436" errors="0">
  <testcase name="CheckAvailability" time="0.263" classname="com.TestNGHandlingAlerts.TSRTCAlerts"/>
  <testcase name="Alert" time="5.173" classname="com.TestNGHandlingAlerts.TSRTCAlerts"/>
</testsuite> <!-- com.TestNGHandlingAlerts.TSRTCAlerts -->
