<?xml version="1.0" encoding="UTF-8"?>
<!-- Generated by org.testng.reporters.JUnitReportReporter -->
<testsuite hostname="DESKTOP-BF2LAUJ" name="com.TestNGExcelOperations.ReadExcel" tests="1" failures="0" timestamp="13 Dec 2017 23:55:36 GMT" time="0.556" errors="0">
  <testcase name="ReadExcel" time="0.556" classname="com.TestNGExcelOperations.ReadExcel"/>
</testsuite> <!-- com.TestNGExcelOperations.ReadExcel -->
