<?xml version="1.0" encoding="UTF-8"?>
<!-- Generated by org.testng.reporters.JUnitReportReporter -->
<testsuite hostname="DESKTOP-BF2LAUJ" name="com.KeyWord.NewToursUserRegistration" tests="2" failures="0" timestamp="20 Dec 2017 10:38:59 GMT" time="12.623" errors="0">
  <testcase name="Register" time="0.293" classname="com.KeyWord.NewToursUserRegistration"/>
  <testcase name="UserRegistration" time="12.330" classname="com.KeyWord.NewToursUserRegistration"/>
</testsuite> <!-- com.KeyWord.NewToursUserRegistration -->
