<?xml version="1.0" encoding="UTF-8"?>
<!-- Generated by org.testng.reporters.JUnitReportReporter -->
<testsuite hostname="DESKTOP-BF2LAUJ" name="com.DataDrivenTesting.NewToursLinksTest" tests="1" failures="0" timestamp="19 Dec 2017 02:04:25 GMT" time="33.698" errors="0">
  <testcase name="LinksTest" time="33.698" classname="com.DataDrivenTesting.NewToursLinksTest"/>
</testsuite> <!-- com.DataDrivenTesting.NewToursLinksTest -->
