<?xml version="1.0" encoding="UTF-8"?>
<!-- Generated by org.testng.reporters.JUnitReportReporter -->
<testsuite hostname="DESKTOP-BF2LAUJ" name="com.POM.NewToursHomePageTesting" tests="1" failures="0" timestamp="27 Dec 2017 05:12:58 GMT" time="22.754" errors="0">
  <testcase name="NewToursTesting" time="22.754" classname="com.POM.NewToursHomePageTesting"/>
</testsuite> <!-- com.POM.NewToursHomePageTesting -->
