<?xml version="1.0" encoding="UTF-8"?>
<!-- Generated by org.testng.reporters.JUnitReportReporter -->
<testsuite hostname="DESKTOP-BF2LAUJ" name="com.Grid.NewToursLogInTest" tests="2" failures="0" timestamp="22 Dec 2017 05:02:14 GMT" time="18.535" errors="0">
  <testcase name="LogInTest" time="9.243" classname="com.Grid.NewToursLogInTest"/>
  <testcase name="LogInTest" time="9.292" classname="com.Grid.NewToursLogInTest"/>
</testsuite> <!-- com.Grid.NewToursLogInTest -->
