<?xml version="1.0" encoding="UTF-8"?>
<!-- Generated by org.testng.reporters.JUnitReportReporter -->
<testsuite hostname="DESKTOP-BF2LAUJ" name="com.Grid.NewToursLogInGrid" tests="2" failures="0" timestamp="27 Dec 2017 02:07:50 GMT" time="14.919" errors="0">
  <testcase name="NewToursLogIn" time="6.959" classname="com.Grid.NewToursLogInGrid"/>
  <testcase name="NewToursLogIn" time="7.960" classname="com.Grid.NewToursLogInGrid"/>
</testsuite> <!-- com.Grid.NewToursLogInGrid -->
