<?xml version="1.0" encoding="UTF-8"?>
<!-- Generated by org.testng.reporters.JUnitReportReporter -->
<testsuite hostname="DESKTOP-BF2LAUJ" name="com.TestNGAnnotations.Annotations3" tests="2" failures="0" timestamp="13 Dec 2017 23:47:57 GMT" time="0.007" errors="0">
  <testcase name="ComposeMail" time="0.002" classname="com.TestNGAnnotations.Annotations3"/>
  <testcase name="Inbox" time="0.005" classname="com.TestNGAnnotations.Annotations3"/>
</testsuite> <!-- com.TestNGAnnotations.Annotations3 -->
