<?xml version="1.0" encoding="UTF-8"?>
<!-- Generated by org.testng.reporters.JUnitReportReporter -->
<testsuite hostname="DESKTOP-BF2LAUJ" name="com.TestNGAnnotations.Annotations4" tests="2" failures="0" timestamp="13 Dec 2017 23:48:56 GMT" time="0.014" errors="0">
  <testcase name="InboxFunctionality" time="0.011" classname="com.TestNGAnnotations.Annotations4"/>
  <testcase name="ComposeMail" time="0.003" classname="com.TestNGAnnotations.Annotations4"/>
</testsuite> <!-- com.TestNGAnnotations.Annotations4 -->
