<?xml version="1.0" encoding="UTF-8"?>
<!-- Generated by org.testng.reporters.JUnitReportReporter -->
<testsuite hostname="DESKTOP-BF2LAUJ" name="com.TestNGMouseHoverOperations.AmazonMouseHoverOperations" tests="2" failures="0" timestamp="14 Dec 2017 00:54:45 GMT" time="5.885" errors="0">
  <testcase name="YourOrders" time="5.297" classname="com.TestNGMouseHoverOperations.AmazonMouseHoverOperations"/>
  <testcase name="YourAccount" time="0.588" classname="com.TestNGMouseHoverOperations.AmazonMouseHoverOperations"/>
</testsuite> <!-- com.TestNGMouseHoverOperations.AmazonMouseHoverOperations -->
