<?xml version="1.0" encoding="UTF-8"?>
<!-- Generated by org.testng.reporters.JUnitReportReporter -->
<testsuite hostname="DESKTOP-BF2LAUJ" name="com.Links.BingHeaderLinkNames" tests="1" failures="0" timestamp="14 Dec 2017 03:05:09 GMT" time="1.773" errors="0">
  <testcase name="HeaderLinkNames" time="1.773" classname="com.Links.BingHeaderLinkNames"/>
</testsuite> <!-- com.Links.BingHeaderLinkNames -->
