<?xml version="1.0" encoding="UTF-8"?>
<!-- Generated by org.testng.reporters.JUnitReportReporter -->
<testsuite hostname="DESKTOP-BF2LAUJ" name="com.Links.BingVisibleHeaderBlockLinks" tests="1" failures="0" timestamp="14 Dec 2017 03:09:03 GMT" time="5.442" errors="0">
  <testcase name="HeaderLinkNames" time="5.442" classname="com.Links.BingVisibleHeaderBlockLinks"/>
</testsuite> <!-- com.Links.BingVisibleHeaderBlockLinks -->
