<?xml version="1.0" encoding="UTF-8"?>
<!-- Generated by org.testng.reporters.JUnitReportReporter -->
<testsuite hostname="DESKTOP-BF2LAUJ" name="com.TestNGDragAndDrop.DragAndDrop" tests="1" failures="0" timestamp="14 Dec 2017 01:45:20 GMT" time="5.551" errors="0">
  <testcase name="iframe" time="5.551" classname="com.TestNGDragAndDrop.DragAndDrop"/>
</testsuite> <!-- com.TestNGDragAndDrop.DragAndDrop -->
