<?xml version="1.0" encoding="UTF-8"?>
<!-- Generated by org.testng.reporters.JUnitReportReporter -->
<testsuite hostname="DESKTOP-BF2LAUJ" name="com.TestNGScreenshots.TSRTCLinksValidationScreenshots" tests="1" failures="0" timestamp="16 Dec 2017 03:40:25 GMT" time="291.881" errors="0">
  <testcase name="HeaderblockLinks" time="291.881" classname="com.TestNGScreenshots.TSRTCLinksValidationScreenshots"/>
</testsuite> <!-- com.TestNGScreenshots.TSRTCLinksValidationScreenshots -->
