<?xml version="1.0" encoding="UTF-8"?>
<!-- Generated by org.testng.reporters.JUnitReportReporter -->
<testsuite hostname="DESKTOP-BF2LAUJ" name="com.POM.NewToursHomePageAllElements" tests="1" failures="0" timestamp="21 Dec 2017 03:13:10 GMT" time="43.160" errors="0">
  <testcase name="NewToursAllElements" time="43.160" classname="com.POM.NewToursHomePageAllElements"/>
</testsuite> <!-- com.POM.NewToursHomePageAllElements -->
