<?xml version="1.0" encoding="UTF-8"?>
<!-- Generated by org.testng.reporters.JUnitReportReporter -->
<testsuite hostname="DESKTOP-BF2LAUJ" name="com.DataDrivenTesting.NewUserRegistration" tests="2" failures="0" timestamp="27 Dec 2017 05:12:58 GMT" time="29.130" errors="0">
  <testcase name="NewUser" time="28.676" classname="com.DataDrivenTesting.NewUserRegistration"/>
  <testcase name="Register" time="0.454" classname="com.DataDrivenTesting.NewUserRegistration"/>
</testsuite> <!-- com.DataDrivenTesting.NewUserRegistration -->
