<?xml version="1.0" encoding="UTF-8"?>
<!-- Generated by org.testng.reporters.JUnitReportReporter -->
<testsuite hostname="DESKTOP-BF2LAUJ" name="com.TestNGExcelOperations.WriteExcel" tests="1" failures="0" timestamp="14 Dec 2017 00:02:42 GMT" time="0.615" errors="0">
  <testcase name="getExcel" time="0.615" classname="com.TestNGExcelOperations.WriteExcel"/>
</testsuite> <!-- com.TestNGExcelOperations.WriteExcel -->
