<?xml version="1.0" encoding="UTF-8"?>
<!-- Generated by org.testng.reporters.JUnitReportReporter -->
<testsuite hostname="DESKTOP-BF2LAUJ" name="com.DataDrivenTesting.NewTours_UserRegistration" tests="2" failures="0" timestamp="18 Dec 2017 10:28:26 GMT" time="13.297" errors="0">
  <testcase name="UserRegistration" time="13.011" classname="com.DataDrivenTesting.NewTours_UserRegistration"/>
  <testcase name="Register" time="0.286" classname="com.DataDrivenTesting.NewTours_UserRegistration"/>
</testsuite> <!-- com.DataDrivenTesting.NewTours_UserRegistration -->
