<?xml version="1.0" encoding="UTF-8"?>
<!-- Generated by org.testng.reporters.JUnitReportReporter -->
<testsuite hostname="DESKTOP-BF2LAUJ" name="com.TestNgAnnotations.Annotations3" tests="2" failures="0" timestamp="13 Dec 2017 00:33:52 GMT" time="0.014" errors="0">
  <testcase name="Compose" time="0.011" classname="com.TestNgAnnotations.Annotations3"/>
  <testcase name="InBox" time="0.003" classname="com.TestNgAnnotations.Annotations3"/>
</testsuite> <!-- com.TestNgAnnotations.Annotations3 -->
