<?xml version="1.0" encoding="UTF-8"?>
<!-- Generated by org.testng.reporters.JUnitReportReporter -->
<testsuite hostname="DESKTOP-BF2LAUJ" name="com.TestNgAnnotations.NewToursLogInTest" tests="1" failures="0" timestamp="11 Dec 2017 04:56:03 GMT" time="2.235" errors="0">
  <testcase name="LogIn" time="2.235" classname="com.TestNgAnnotations.NewToursLogInTest"/>
</testsuite> <!-- com.TestNgAnnotations.NewToursLogInTest -->
