<?xml version="1.0" encoding="UTF-8"?>
<!-- Generated by org.testng.reporters.JUnitReportReporter -->
<testsuite hostname="DESKTOP-BF2LAUJ" name="com.TestNgAnnotations.Annotations1" tests="3" failures="0" timestamp="13 Dec 2017 00:36:37 GMT" time="0.015" errors="0">
  <testcase name="BrowserLaunch" time="0.010" classname="com.TestNgAnnotations.Annotations1"/>
  <testcase name="InBox" time="0.003" classname="com.TestNgAnnotations.Annotations1"/>
  <testcase name="Compose" time="0.002" classname="com.TestNgAnnotations.Annotations1"/>
</testsuite> <!-- com.TestNgAnnotations.Annotations1 -->
