<?xml version="1.0" encoding="UTF-8"?>
<!-- Generated by org.testng.reporters.JUnitReportReporter -->
<testsuite hostname="DESKTOP-BF2LAUJ" name="com.TestNgAnnotations.Annotations2" tests="2" failures="0" timestamp="13 Dec 2017 00:38:17 GMT" time="0.007" errors="0">
  <testcase name="InBox" time="0.002" classname="com.TestNgAnnotations.Annotations2"/>
  <testcase name="Compose" time="0.005" classname="com.TestNgAnnotations.Annotations2"/>
</testsuite> <!-- com.TestNgAnnotations.Annotations2 -->
